d:\algorithms\solve_algo\build\debug\vc141.pdb
d:\algorithms\solve_algo\build\debug\vc141.idb
d:\algorithms\solve_algo\build\debug\spoj_rmid2_priority_que.obj
d:\algorithms\solve_algo\build\debug\a_practice_test.obj
d:\algorithms\solve_algo\build\debug\pass_spoj_allizwell.obj
d:\algorithms\solve_algo\build\debug\disk_scheduling_prioq_srib.obj
d:\algorithms\solve_algo\build\debug\spoj_pqueue.obj
d:\algorithms\solve_algo\build\debug\prof_24_03_18_accuratecalc.obj
d:\algorithms\solve_algo\build\debug\text_editor_codechef.obj
d:\algorithms\solve_algo\build\debug\prof_07_04_search_engine.obj
d:\algorithms\solve_algo\build\debug\binary_search_prefix_sum_spoj_anarc05b.obj
d:\algorithms\solve_algo\build\debug\solve_algo.exe
d:\algorithms\solve_algo\build\debug\solve_algo.pdb
d:\algorithms\solve_algo\build\debug\pass_spoj_pqueue.obj
d:\algorithms\solve_algo\build\debug\z_algorithm_hkearth.obj
d:\algorithms\solve_algo\build\debug\solve_algo.tlog\cl.command.1.tlog
d:\algorithms\solve_algo\build\debug\solve_algo.tlog\cl.read.1.tlog
d:\algorithms\solve_algo\build\debug\solve_algo.tlog\cl.write.1.tlog
d:\algorithms\solve_algo\build\debug\solve_algo.tlog\link.command.1.tlog
d:\algorithms\solve_algo\build\debug\solve_algo.tlog\link.read.1.tlog
d:\algorithms\solve_algo\build\debug\solve_algo.tlog\link.write.1.tlog
